Initialized native services in: /Users/daviddandeneau/.gradle/native
Initialized jansi services in: /Users/daviddandeneau/.gradle/native
Received JVM installation metadata from '/opt/homebrew/Cellar/openjdk/23.0.1/libexec/openjdk.jdk/Contents/Home': {JAVA_HOME=/opt/homebrew/Cellar/openjdk/23.0.1/libexec/openjdk.jdk/Contents/Home, JAVA_VERSION=23.0.1, JAVA_VENDOR=Homebrew, RUNTIME_NAME=OpenJDK Runtime Environment, RUNTIME_VERSION=23.0.1, VM_NAME=OpenJDK 64-Bit Server VM, VM_VERSION=23.0.1, VM_VENDOR=Homebrew, OS_ARCH=aarch64}
The client will now receive all logging from the daemon (pid: 60477). The daemon log file: /Users/daviddandeneau/.gradle/daemon/8.10.2/daemon-60477.out.log
Starting 212th build in daemon [uptime: 2 hrs 45 mins 57.467 secs, performance: 100%, GC rate: 0.00/s, heap usage: 4% of 512 MiB, non-heap usage: 45% of 384 MiB]
Using 12 worker leases.
Now considering [/Users/daviddandeneau/Projects/test_driven] as hierarchies to watch
Watching the file system is configured to be enabled if available
File system watching is active
Starting Build
Transforming foojay-resolver-0.8.0.jar (org.gradle.toolchains:foojay-resolver:0.8.0) with InstrumentationAnalysisTransform
Transforming gson-2.10.1.jar (com.google.code.gson:gson:2.10.1) with InstrumentationAnalysisTransform
Transforming foojay-resolver-0.8.0.jar (org.gradle.toolchains:foojay-resolver:0.8.0) with InstrumentationAnalysisTransform
Transforming foojay-resolver-0.8.0.jar (org.gradle.toolchains:foojay-resolver:0.8.0) with MergeInstrumentationAnalysisTransform
Transforming gson-2.10.1.jar (com.google.code.gson:gson:2.10.1) with InstrumentationAnalysisTransform
Transforming gson-2.10.1.jar (com.google.code.gson:gson:2.10.1) with MergeInstrumentationAnalysisTransform
Transforming foojay-resolver-0.8.0.jar (org.gradle.toolchains:foojay-resolver:0.8.0) with ExternalDependencyInstrumentingArtifactTransform
Transforming gson-2.10.1.jar (com.google.code.gson:gson:2.10.1) with ExternalDependencyInstrumentingArtifactTransform
Settings evaluated using settings file '/Users/daviddandeneau/Projects/test_driven/settings.gradle.kts'.
Projects loaded. Root project using build file '/Users/daviddandeneau/Projects/test_driven/build.gradle.kts'.
Included projects: [root project 'test_driven']

> Configure project :
Evaluating root project 'test_driven' using build file '/Users/daviddandeneau/Projects/test_driven/build.gradle.kts'.
All projects evaluated.
Task name matched 'test'
Selected primary task 'test' from project :
Tasks to be executed: [task ':compileJava', task ':processResources', task ':classes', task ':compileTestJava', task ':processTestResources', task ':testClasses', task ':test']
Tasks that were excluded: []
Resolve mutations for :compileJava (Thread[#8270,Execution worker,5,main]) started.
:compileJava (Thread[#8275,Execution worker Thread 6,5,main]) started.

> Task :compileJava
Caching disabled for task ':compileJava' because:
  Build cache is disabled
Task ':compileJava' is not up-to-date because:
  Input property 'stableSources' file /Users/daviddandeneau/Projects/test_driven/src/main/java/org/example/App.java has changed.
Compilation mode: in-process compilation
Created classpath snapshot for incremental compilation in 0.0 secs.
Compiling with toolchain '/opt/homebrew/Cellar/openjdk/23.0.1/libexec/openjdk.jdk/Contents/Home'.
Compiling with JDK Java compiler API.
Incremental compilation of 1 classes completed in 0.023 secs.
Class dependency analysis for incremental compilation took 0.0 secs.
Resolve mutations for :processResources (Thread[#8275,Execution worker Thread 6,5,main]) started.
:processResources (Thread[#8275,Execution worker Thread 6,5,main]) started.

> Task :processResources NO-SOURCE
Skipping task ':processResources' as it has no source files and no previous output files.
Resolve mutations for :classes (Thread[#8275,Execution worker Thread 6,5,main]) started.
:classes (Thread[#8275,Execution worker Thread 6,5,main]) started.

> Task :classes
Skipping task ':classes' as it has no actions.
Resolve mutations for :compileTestJava (Thread[#8275,Execution worker Thread 6,5,main]) started.
:compileTestJava (Thread[#8275,Execution worker Thread 6,5,main]) started.

> Task :compileTestJava
Caching disabled for task ':compileTestJava' because:
  Build cache is disabled
Task ':compileTestJava' is not up-to-date because:
  Input property 'classpath' file /Users/daviddandeneau/Projects/test_driven/build/classes/java/main/org/example/App.class has changed.
Compilation mode: in-process compilation
Created classpath snapshot for incremental compilation in 0.0 secs.
Compiling with toolchain '/opt/homebrew/Cellar/openjdk/23.0.1/libexec/openjdk.jdk/Contents/Home'.
Compiling with JDK Java compiler API.
Incremental compilation of 1 classes completed in 0.013 secs.
Class dependency analysis for incremental compilation took 0.0 secs.
Resolve mutations for :processTestResources (Thread[#8275,Execution worker Thread 6,5,main]) started.
:processTestResources (Thread[#8275,Execution worker Thread 6,5,main]) started.

> Task :processTestResources NO-SOURCE
Skipping task ':processTestResources' as it has no source files and no previous output files.
Resolve mutations for :testClasses (Thread[#8275,Execution worker Thread 6,5,main]) started.
:testClasses (Thread[#8276,Execution worker Thread 7,5,main]) started.

> Task :testClasses
Skipping task ':testClasses' as it has no actions.
Resolve mutations for :test (Thread[#8276,Execution worker Thread 7,5,main]) started.
:test (Thread[#8276,Execution worker Thread 7,5,main]) started.
Gradle Test Executor 49 started executing tests.
Gradle Test Executor 49 finished executing tests.

> Task :test FAILED
Caching disabled for task ':test' because:
  Build cache is disabled
Task ':test' is not up-to-date because:
  Task has failed previously.
Starting process 'Gradle Test Executor 49'. Working directory: /Users/daviddandeneau/Projects/test_driven Command: /opt/homebrew/Cellar/openjdk/23.0.1/libexec/openjdk.jdk/Contents/Home/bin/java -Dorg.gradle.internal.worker.tmpdir=/Users/daviddandeneau/Projects/test_driven/build/tmp/test/work @/Users/daviddandeneau/.gradle/.tmp/gradle-worker-classpath15367929223288728525txt -Xmx512m -Dfile.encoding=UTF-8 -Duser.country=US -Duser.language=en -Duser.variant -ea worker.org.gradle.process.internal.worker.GradleWorkerMain 'Gradle Test Executor 49'
Successfully started process 'Gradle Test Executor 49'

AppTest > testExtractGEO FAILED
    org.junit.ComparisonFailure: expected:<US[A]> but was:<US[]>
        at org.junit.Assert.assertEquals(Assert.java:117)
        at org.junit.Assert.assertEquals(Assert.java:146)
        at org.example.AppTest.testExtractGEO(AppTest.java:22)
Finished generating test XML results (0.0 secs) into: /Users/daviddandeneau/Projects/test_driven/build/test-results/test
Generating HTML test report...
Finished generating test html results (0.0 secs) into: /Users/daviddandeneau/Projects/test_driven/build/reports/tests/test
3 actionable tasks: 3 executed
Watched directory hierarchies: [/Users/daviddandeneau/Projects/test_driven]

3 tests completed, 1 failed

FAILURE: Build failed with an exception.

* What went wrong:
Execution failed for task ':test'.
> There were failing tests. See the report at: file:///Users/daviddandeneau/Projects/test_driven/build/reports/tests/test/index.html

* Try:
> Run with --scan to get full insights.

BUILD FAILED in 735ms
